<?xml version="1.0" encoding="UTF-8"?>
<testsuite xmlns:xsi="http://www.w3.org/2001/XMLSchema-instance" xsi:noNamespaceSchemaLocation="https://maven.apache.org/surefire/maven-surefire-plugin/xsd/surefire-test-report.xsd" name="FiltroCorreoTest" time="0" tests="4" errors="0" skipped="0" failures="0">
  <properties>
    <property name="java.specification.version" value="17"/>
    <property name="sun.cpu.isalist" value="amd64"/>
    <property name="sun.jnu.encoding" value="Cp1252"/>
    <property name="java.class.path" value="c:\Users\valen_3m9a8s8\OneDrive\Documentos\2do Año (segundo cuatrimestre)\PARADIGMAS II\Trabajo practico 2\Trabajo-practico-2-6\demo\target\test-classes;c:\Users\valen_3m9a8s8\OneDrive\Documentos\2do Año (segundo cuatrimestre)\PARADIGMAS II\Trabajo practico 2\Trabajo-practico-2-6\demo\target\classes;C:\Users\valen_3m9a8s8\.m2\repository\junit\junit\4.11\junit-4.11.jar;C:\Users\valen_3m9a8s8\.m2\repository\org\hamcrest\hamcrest-core\1.3\hamcrest-core-1.3.jar;"/>
    <property name="java.vm.vendor" value="Eclipse Adoptium"/>
    <property name="sun.arch.data.model" value="64"/>
    <property name="user.variant" value=""/>
    <property name="java.vendor.url" value="https://adoptium.net/"/>
    <property name="user.timezone" value="America/Buenos_Aires"/>
    <property name="os.name" value="Windows 11"/>
    <property name="java.vm.specification.version" value="17"/>
    <property name="sun.java.launcher" value="SUN_STANDARD"/>
    <property name="user.country" value="AR"/>
    <property name="sun.boot.library.path" value="C:\Users\valen_3m9a8s8\AppData\Local\Programs\Eclipse Adoptium\jdk-17.0.8.7-hotspot\bin"/>
    <property name="sun.java.command" value="C:\Users\valen_3m9a8s8\AppData\Local\Temp\surefire1458957082888929732\surefirebooter16802084405668919464.jar C:\Users\valen_3m9a8s8\AppData\Local\Temp\surefire1458957082888929732 2023-10-08T23-28-37_743-jvmRun1 surefire10435106508309729153tmp surefire_04371485347813337966tmp"/>
    <property name="jdk.debug" value="release"/>
    <property name="surefire.test.class.path" value="c:\Users\valen_3m9a8s8\OneDrive\Documentos\2do Año (segundo cuatrimestre)\PARADIGMAS II\Trabajo practico 2\Trabajo-practico-2-6\demo\target\test-classes;c:\Users\valen_3m9a8s8\OneDrive\Documentos\2do Año (segundo cuatrimestre)\PARADIGMAS II\Trabajo practico 2\Trabajo-practico-2-6\demo\target\classes;C:\Users\valen_3m9a8s8\.m2\repository\junit\junit\4.11\junit-4.11.jar;C:\Users\valen_3m9a8s8\.m2\repository\org\hamcrest\hamcrest-core\1.3\hamcrest-core-1.3.jar;"/>
    <property name="sun.cpu.endian" value="little"/>
    <property name="user.home" value="C:\Users\valen_3m9a8s8"/>
    <property name="user.language" value="es"/>
    <property name="java.specification.vendor" value="Oracle Corporation"/>
    <property name="java.version.date" value="2023-07-18"/>
    <property name="java.home" value="C:\Users\valen_3m9a8s8\AppData\Local\Programs\Eclipse Adoptium\jdk-17.0.8.7-hotspot"/>
    <property name="file.separator" value="\"/>
    <property name="basedir" value="c:\Users\valen_3m9a8s8\OneDrive\Documentos\2do Año (segundo cuatrimestre)\PARADIGMAS II\Trabajo practico 2\Trabajo-practico-2-6\demo"/>
    <property name="java.vm.compressedOopsMode" value="Zero based"/>
    <property name="line.separator" value="&#10;"/>
    <property name="java.vm.specification.vendor" value="Oracle Corporation"/>
    <property name="java.specification.name" value="Java Platform API Specification"/>
    <property name="surefire.real.class.path" value="C:\Users\valen_3m9a8s8\AppData\Local\Temp\surefire1458957082888929732\surefirebooter16802084405668919464.jar"/>
    <property name="user.script" value=""/>
    <property name="sun.management.compiler" value="HotSpot 64-Bit Tiered Compilers"/>
    <property name="java.runtime.version" value="17.0.8+7"/>
    <property name="user.name" value="valen_3m9a8s8"/>
    <property name="path.separator" value=";"/>
    <property name="os.version" value="10.0"/>
    <property name="java.runtime.name" value="OpenJDK Runtime Environment"/>
    <property name="file.encoding" value="Cp1252"/>
    <property name="java.vm.name" value="OpenJDK 64-Bit Server VM"/>
    <property name="java.vendor.version" value="Temurin-17.0.8+7"/>
    <property name="localRepository" value="C:\Users\valen_3m9a8s8\.m2\repository"/>
    <property name="java.vendor.url.bug" value="https://github.com/adoptium/adoptium-support/issues"/>
    <property name="java.io.tmpdir" value="C:\Users\valen_3m9a8s8\AppData\Local\Temp\"/>
    <property name="java.version" value="17.0.8"/>
    <property name="user.dir" value="c:\Users\valen_3m9a8s8\OneDrive\Documentos\2do Año (segundo cuatrimestre)\PARADIGMAS II\Trabajo practico 2\Trabajo-practico-2-6\demo"/>
    <property name="os.arch" value="amd64"/>
    <property name="java.vm.specification.name" value="Java Virtual Machine Specification"/>
    <property name="sun.os.patch.level" value=""/>
    <property name="native.encoding" value="Cp1252"/>
    <property name="java.library.path" value="C:\Users\valen_3m9a8s8\AppData\Local\Programs\Eclipse Adoptium\jdk-17.0.8.7-hotspot\bin;C:\WINDOWS\Sun\Java\bin;C:\WINDOWS\system32;C:\WINDOWS;C:\Program Files\Common Files\Oracle\Java\javapath;C:\WINDOWS\system32;C:\WINDOWS;C:\WINDOWS\System32\Wbem;C:\WINDOWS\System32\WindowsPowerShell\v1.0\;C:\WINDOWS\System32\OpenSSH\;C:\Program Files\dotnet\;C:\Program Files (x86)\Git\cmd;C:\apache-maven-3.9.4;C:\Program Files\apache-maven-3.9.4\bin;C:\Users\valen_3m9a8s8\AppData\Local\Programs\Eclipse Adoptium\jdk-17.0.8.7-hotspot\bin;C:\Users\valen_3m9a8s8\AppData\Local\Microsoft\WindowsApps;C:\Users\valen_3m9a8s8\AppData\Local\Programs\Microsoft VS Code\bin;."/>
    <property name="java.vm.info" value="mixed mode, sharing"/>
    <property name="java.vendor" value="Eclipse Adoptium"/>
    <property name="java.vm.version" value="17.0.8+7"/>
    <property name="sun.io.unicode.encoding" value="UnicodeLittle"/>
    <property name="java.class.version" value="61.0"/>
  </properties>
  <testcase name="test_CorreoEntero" classname="FiltroCorreoTest" time="0"/>
  <testcase name="test_NOcontienePalabraDeFiltro" classname="FiltroCorreoTest" time="0"/>
  <testcase name="test_filtrarCorreos" classname="FiltroCorreoTest" time="0"/>
  <testcase name="test_contienePalabraDeFiltro" classname="FiltroCorreoTest" time="0"/>
</testsuite>